This is pdfTeX, Version 3.14159265-2.6-1.40.18 (MiKTeX 2.9.6350) (preloaded format=pdflatex 2018.1.29)  1 FEB 2018 13:50
entering extended mode
**./main.tex
(main.tex
LaTeX2e <2017-04-15>
Babel <3.10> and hyphenation patterns for 1 language(s) loaded.
(C:\Users\cghisi\Downloads\texmfs\install\tex\latex\base\book.cls
Document Class: book 2014/09/29 v1.4h Standard LaTeX document class
(C:\Users\cghisi\Downloads\texmfs\install\tex\latex\base\bk10.clo
File: bk10.clo 2014/09/29 v1.4h Standard LaTeX file (size option)
)
\c@part=\count79
\c@chapter=\count80
\c@section=\count81
\c@subsection=\count82
\c@subsubsection=\count83
\c@paragraph=\count84
\c@subparagraph=\count85
\c@figure=\count86
\c@table=\count87
\abovecaptionskip=\skip41
\belowcaptionskip=\skip42
\bibindent=\dimen102
)
(C:\Users\cghisi\Downloads\texmfs\install\tex\latex\base\inputenc.sty
Package: inputenc 2015/03/17 v1.2c Input encoding file
\inpenc@prehook=\toks14
\inpenc@posthook=\toks15

(C:\Users\cghisi\Downloads\texmfs\install\tex\latex\base\utf8.def
File: utf8.def 2017/01/28 v1.1t UTF-8 support for inputenc
Now handling font encoding OML ...
... no UTF-8 mapping file for font encoding OML
Now handling font encoding T1 ...
... processing UTF-8 mapping file for font encoding T1

(C:\Users\cghisi\Downloads\texmfs\install\tex\latex\base\t1enc.dfu
File: t1enc.dfu 2017/01/28 v1.1t UTF-8 support for inputenc
   defining Unicode char U+00A0 (decimal 160)
   defining Unicode char U+00A1 (decimal 161)
   defining Unicode char U+00A3 (decimal 163)
   defining Unicode char U+00AB (decimal 171)
   defining Unicode char U+00AD (decimal 173)
   defining Unicode char U+00BB (decimal 187)
   defining Unicode char U+00BF (decimal 191)
   defining Unicode char U+00C0 (decimal 192)
   defining Unicode char U+00C1 (decimal 193)
   defining Unicode char U+00C2 (decimal 194)
   defining Unicode char U+00C3 (decimal 195)
   defining Unicode char U+00C4 (decimal 196)
   defining Unicode char U+00C5 (decimal 197)
   defining Unicode char U+00C6 (decimal 198)
   defining Unicode char U+00C7 (decimal 199)
   defining Unicode char U+00C8 (decimal 200)
   defining Unicode char U+00C9 (decimal 201)
   defining Unicode char U+00CA (decimal 202)
   defining Unicode char U+00CB (decimal 203)
   defining Unicode char U+00CC (decimal 204)
   defining Unicode char U+00CD (decimal 205)
   defining Unicode char U+00CE (decimal 206)
   defining Unicode char U+00CF (decimal 207)
   defining Unicode char U+00D0 (decimal 208)
   defining Unicode char U+00D1 (decimal 209)
   defining Unicode char U+00D2 (decimal 210)
   defining Unicode char U+00D3 (decimal 211)
   defining Unicode char U+00D4 (decimal 212)
   defining Unicode char U+00D5 (decimal 213)
   defining Unicode char U+00D6 (decimal 214)
   defining Unicode char U+00D8 (decimal 216)
   defining Unicode char U+00D9 (decimal 217)
   defining Unicode char U+00DA (decimal 218)
   defining Unicode char U+00DB (decimal 219)
   defining Unicode char U+00DC (decimal 220)
   defining Unicode char U+00DD (decimal 221)
   defining Unicode char U+00DE (decimal 222)
   defining Unicode char U+00DF (decimal 223)
   defining Unicode char U+00E0 (decimal 224)
   defining Unicode char U+00E1 (decimal 225)
   defining Unicode char U+00E2 (decimal 226)
   defining Unicode char U+00E3 (decimal 227)
   defining Unicode char U+00E4 (decimal 228)
   defining Unicode char U+00E5 (decimal 229)
   defining Unicode char U+00E6 (decimal 230)
   defining Unicode char U+00E7 (decimal 231)
   defining Unicode char U+00E8 (decimal 232)
   defining Unicode char U+00E9 (decimal 233)
   defining Unicode char U+00EA (decimal 234)
   defining Unicode char U+00EB (decimal 235)
   defining Unicode char U+00EC (decimal 236)
   defining Unicode char U+00ED (decimal 237)
   defining Unicode char U+00EE (decimal 238)
   defining Unicode char U+00EF (decimal 239)
   defining Unicode char U+00F0 (decimal 240)
   defining Unicode char U+00F1 (decimal 241)
   defining Unicode char U+00F2 (decimal 242)
   defining Unicode char U+00F3 (decimal 243)
   defining Unicode char U+00F4 (decimal 244)
   defining Unicode char U+00F5 (decimal 245)
   defining Unicode char U+00F6 (decimal 246)
   defining Unicode char U+00F8 (decimal 248)
   defining Unicode char U+00F9 (decimal 249)
   defining Unicode char U+00FA (decimal 250)
   defining Unicode char U+00FB (decimal 251)
   defining Unicode char U+00FC (decimal 252)
   defining Unicode char U+00FD (decimal 253)
   defining Unicode char U+00FE (decimal 254)
   defining Unicode char U+00FF (decimal 255)
   defining Unicode char U+0100 (decimal 256)
   defining Unicode char U+0101 (decimal 257)
   defining Unicode char U+0102 (decimal 258)
   defining Unicode char U+0103 (decimal 259)
   defining Unicode char U+0104 (decimal 260)
   defining Unicode char U+0105 (decimal 261)
   defining Unicode char U+0106 (decimal 262)
   defining Unicode char U+0107 (decimal 263)
   defining Unicode char U+0108 (decimal 264)
   defining Unicode char U+0109 (decimal 265)
   defining Unicode char U+010A (decimal 266)
   defining Unicode char U+010B (decimal 267)
   defining Unicode char U+010C (decimal 268)
   defining Unicode char U+010D (decimal 269)
   defining Unicode char U+010E (decimal 270)
   defining Unicode char U+010F (decimal 271)
   defining Unicode char U+0110 (decimal 272)
   defining Unicode char U+0111 (decimal 273)
   defining Unicode char U+0112 (decimal 274)
   defining Unicode char U+0113 (decimal 275)
   defining Unicode char U+0114 (decimal 276)
   defining Unicode char U+0115 (decimal 277)
   defining Unicode char U+0116 (decimal 278)
   defining Unicode char U+0117 (decimal 279)
   defining Unicode char U+0118 (decimal 280)
   defining Unicode char U+0119 (decimal 281)
   defining Unicode char U+011A (decimal 282)
   defining Unicode char U+011B (decimal 283)
   defining Unicode char U+011C (decimal 284)
   defining Unicode char U+011D (decimal 285)
   defining Unicode char U+011E (decimal 286)
   defining Unicode char U+011F (decimal 287)
   defining Unicode char U+0120 (decimal 288)
   defining Unicode char U+0121 (decimal 289)
   defining Unicode char U+0122 (decimal 290)
   defining Unicode char U+0123 (decimal 291)
   defining Unicode char U+0124 (decimal 292)
   defining Unicode char U+0125 (decimal 293)
   defining Unicode char U+0128 (decimal 296)
   defining Unicode char U+0129 (decimal 297)
   defining Unicode char U+012A (decimal 298)
   defining Unicode char U+012B (decimal 299)
   defining Unicode char U+012C (decimal 300)
   defining Unicode char U+012D (decimal 301)
   defining Unicode char U+012E (decimal 302)
   defining Unicode char U+012F (decimal 303)
   defining Unicode char U+0130 (decimal 304)
   defining Unicode char U+0131 (decimal 305)
   defining Unicode char U+0132 (decimal 306)
   defining Unicode char U+0133 (decimal 307)
   defining Unicode char U+0134 (decimal 308)
   defining Unicode char U+0135 (decimal 309)
   defining Unicode char U+0136 (decimal 310)
   defining Unicode char U+0137 (decimal 311)
   defining Unicode char U+0139 (decimal 313)
   defining Unicode char U+013A (decimal 314)
   defining Unicode char U+013B (decimal 315)
   defining Unicode char U+013C (decimal 316)
   defining Unicode char U+013D (decimal 317)
   defining Unicode char U+013E (decimal 318)
   defining Unicode char U+0141 (decimal 321)
   defining Unicode char U+0142 (decimal 322)
   defining Unicode char U+0143 (decimal 323)
   defining Unicode char U+0144 (decimal 324)
   defining Unicode char U+0145 (decimal 325)
   defining Unicode char U+0146 (decimal 326)
   defining Unicode char U+0147 (decimal 327)
   defining Unicode char U+0148 (decimal 328)
   defining Unicode char U+014A (decimal 330)
   defining Unicode char U+014B (decimal 331)
   defining Unicode char U+014C (decimal 332)
   defining Unicode char U+014D (decimal 333)
   defining Unicode char U+014E (decimal 334)
   defining Unicode char U+014F (decimal 335)
   defining Unicode char U+0150 (decimal 336)
   defining Unicode char U+0151 (decimal 337)
   defining Unicode char U+0152 (decimal 338)
   defining Unicode char U+0153 (decimal 339)
   defining Unicode char U+0154 (decimal 340)
   defining Unicode char U+0155 (decimal 341)
   defining Unicode char U+0156 (decimal 342)
   defining Unicode char U+0157 (decimal 343)
   defining Unicode char U+0158 (decimal 344)
   defining Unicode char U+0159 (decimal 345)
   defining Unicode char U+015A (decimal 346)
   defining Unicode char U+015B (decimal 347)
   defining Unicode char U+015C (decimal 348)
   defining Unicode char U+015D (decimal 349)
   defining Unicode char U+015E (decimal 350)
   defining Unicode char U+015F (decimal 351)
   defining Unicode char U+0160 (decimal 352)
   defining Unicode char U+0161 (decimal 353)
   defining Unicode char U+0162 (decimal 354)
   defining Unicode char U+0163 (decimal 355)
   defining Unicode char U+0164 (decimal 356)
   defining Unicode char U+0165 (decimal 357)
   defining Unicode char U+0168 (decimal 360)
   defining Unicode char U+0169 (decimal 361)
   defining Unicode char U+016A (decimal 362)
   defining Unicode char U+016B (decimal 363)
   defining Unicode char U+016C (decimal 364)
   defining Unicode char U+016D (decimal 365)
   defining Unicode char U+016E (decimal 366)
   defining Unicode char U+016F (decimal 367)
   defining Unicode char U+0170 (decimal 368)
   defining Unicode char U+0171 (decimal 369)
   defining Unicode char U+0172 (decimal 370)
   defining Unicode char U+0173 (decimal 371)
   defining Unicode char U+0174 (decimal 372)
   defining Unicode char U+0175 (decimal 373)
   defining Unicode char U+0176 (decimal 374)
   defining Unicode char U+0177 (decimal 375)
   defining Unicode char U+0178 (decimal 376)
   defining Unicode char U+0179 (decimal 377)
   defining Unicode char U+017A (decimal 378)
   defining Unicode char U+017B (decimal 379)
   defining Unicode char U+017C (decimal 380)
   defining Unicode char U+017D (decimal 381)
   defining Unicode char U+017E (decimal 382)
   defining Unicode char U+01CD (decimal 461)
   defining Unicode char U+01CE (decimal 462)
   defining Unicode char U+01CF (decimal 463)
   defining Unicode char U+01D0 (decimal 464)
   defining Unicode char U+01D1 (decimal 465)
   defining Unicode char U+01D2 (decimal 466)
   defining Unicode char U+01D3 (decimal 467)
   defining Unicode char U+01D4 (decimal 468)
   defining Unicode char U+01E2 (decimal 482)
   defining Unicode char U+01E3 (decimal 483)
   defining Unicode char U+01E6 (decimal 486)
   defining Unicode char U+01E7 (decimal 487)
   defining Unicode char U+01E8 (decimal 488)
   defining Unicode char U+01E9 (decimal 489)
   defining Unicode char U+01EA (decimal 490)
   defining Unicode char U+01EB (decimal 491)
   defining Unicode char U+01F0 (decimal 496)
   defining Unicode char U+01F4 (decimal 500)
   defining Unicode char U+01F5 (decimal 501)
   defining Unicode char U+0218 (decimal 536)
   defining Unicode char U+0219 (decimal 537)
   defining Unicode char U+021A (decimal 538)
   defining Unicode char U+021B (decimal 539)
   defining Unicode char U+0232 (decimal 562)
   defining Unicode char U+0233 (decimal 563)
   defining Unicode char U+1E02 (decimal 7682)
   defining Unicode char U+1E03 (decimal 7683)
   defining Unicode char U+200C (decimal 8204)
   defining Unicode char U+2010 (decimal 8208)
   defining Unicode char U+2011 (decimal 8209)
   defining Unicode char U+2012 (decimal 8210)
   defining Unicode char U+2013 (decimal 8211)
   defining Unicode char U+2014 (decimal 8212)
   defining Unicode char U+2015 (decimal 8213)
   defining Unicode char U+2018 (decimal 8216)
   defining Unicode char U+2019 (decimal 8217)
   defining Unicode char U+201A (decimal 8218)
   defining Unicode char U+201C (decimal 8220)
   defining Unicode char U+201D (decimal 8221)
   defining Unicode char U+201E (decimal 8222)
   defining Unicode char U+2030 (decimal 8240)
   defining Unicode char U+2031 (decimal 8241)
   defining Unicode char U+2039 (decimal 8249)
   defining Unicode char U+203A (decimal 8250)
   defining Unicode char U+2423 (decimal 9251)
   defining Unicode char U+1E20 (decimal 7712)
   defining Unicode char U+1E21 (decimal 7713)
)
Now handling font encoding OT1 ...
... processing UTF-8 mapping file for font encoding OT1

(C:\Users\cghisi\Downloads\texmfs\install\tex\latex\base\ot1enc.dfu
File: ot1enc.dfu 2017/01/28 v1.1t UTF-8 support for inputenc
   defining Unicode char U+00A0 (decimal 160)
   defining Unicode char U+00A1 (decimal 161)
   defining Unicode char U+00A3 (decimal 163)
   defining Unicode char U+00AD (decimal 173)
   defining Unicode char U+00B8 (decimal 184)
   defining Unicode char U+00BF (decimal 191)
   defining Unicode char U+00C5 (decimal 197)
   defining Unicode char U+00C6 (decimal 198)
   defining Unicode char U+00D8 (decimal 216)
   defining Unicode char U+00DF (decimal 223)
   defining Unicode char U+00E6 (decimal 230)
   defining Unicode char U+00EC (decimal 236)
   defining Unicode char U+00ED (decimal 237)
   defining Unicode char U+00EE (decimal 238)
   defining Unicode char U+00EF (decimal 239)
   defining Unicode char U+00F8 (decimal 248)
   defining Unicode char U+0131 (decimal 305)
   defining Unicode char U+0141 (decimal 321)
   defining Unicode char U+0142 (decimal 322)
   defining Unicode char U+0152 (decimal 338)
   defining Unicode char U+0153 (decimal 339)
   defining Unicode char U+0174 (decimal 372)
   defining Unicode char U+0175 (decimal 373)
   defining Unicode char U+0176 (decimal 374)
   defining Unicode char U+0177 (decimal 375)
   defining Unicode char U+0218 (decimal 536)
   defining Unicode char U+0219 (decimal 537)
   defining Unicode char U+021A (decimal 538)
   defining Unicode char U+021B (decimal 539)
   defining Unicode char U+2013 (decimal 8211)
   defining Unicode char U+2014 (decimal 8212)
   defining Unicode char U+2018 (decimal 8216)
   defining Unicode char U+2019 (decimal 8217)
   defining Unicode char U+201C (decimal 8220)
   defining Unicode char U+201D (decimal 8221)
)
Now handling font encoding OMS ...
... processing UTF-8 mapping file for font encoding OMS

(C:\Users\cghisi\Downloads\texmfs\install\tex\latex\base\omsenc.dfu
File: omsenc.dfu 2017/01/28 v1.1t UTF-8 support for inputenc
   defining Unicode char U+00A7 (decimal 167)
   defining Unicode char U+00B6 (decimal 182)
   defining Unicode char U+00B7 (decimal 183)
   defining Unicode char U+2020 (decimal 8224)
   defining Unicode char U+2021 (decimal 8225)
   defining Unicode char U+2022 (decimal 8226)
)
Now handling font encoding OMX ...
... no UTF-8 mapping file for font encoding OMX
Now handling font encoding U ...
... no UTF-8 mapping file for font encoding U
   defining Unicode char U+00A9 (decimal 169)
   defining Unicode char U+00AA (decimal 170)
   defining Unicode char U+00AE (decimal 174)
   defining Unicode char U+00BA (decimal 186)
   defining Unicode char U+02C6 (decimal 710)
   defining Unicode char U+02DC (decimal 732)
   defining Unicode char U+200C (decimal 8204)
   defining Unicode char U+2026 (decimal 8230)
   defining Unicode char U+2122 (decimal 8482)
   defining Unicode char U+2423 (decimal 9251)
))
(C:\Users\cghisi\Downloads\texmfs\install\tex\generic\babel\babel.sty
Package: babel 2017/05/19 3.10 The Babel package

*************************************
* Local config file bblopts.cfg used
*
(C:\Users\cghisi\Downloads\texmfs\install\tex\latex\arabi\bblopts.cfg
File: bblopts.cfg 2005/09/08 v0.1 add Arabic and Farsi to "declared" options of
 babel
)
(C:\Users\cghisi\Downloads\texmfs\install\tex\latex\babel-spanish\spanish.ldf
Language: spanish.ldf 2016/03/03 v5.0p Spanish support from the babel system

(C:\Users\cghisi\Downloads\texmfs\install\tex\generic\babel\babel.def
File: babel.def 2017/05/19 3.10 Babel common definitions
\babel@savecnt=\count88
\U@D=\dimen103
)

Package babel Warning: No hyphenation patterns were preloaded for
(babel)                the language `Spanish' into the format.
(babel)                Please, configure your TeX system to add them and
(babel)                rebuild the format. Now I will use the patterns
(babel)                preloaded for \language=0 instead on input line 51.

\l@spanish = a dialect from \language0
\es@quottoks=\toks16
\es@quotdepth=\count89
Package babel Info: Making " an active character on input line 561.
Package babel Info: Making . an active character on input line 662.
Package babel Info: Making < an active character on input line 707.
Package babel Info: Making > an active character on input line 707.
)) (C:\Users\cghisi\Downloads\texmfs\install\tex\latex\caption\caption.sty
Package: caption 2016/02/21 v3.3-144 Customizing captions (AR)

(C:\Users\cghisi\Downloads\texmfs\install\tex\latex\caption\caption3.sty
Package: caption3 2016/05/22 v1.7-166 caption3 kernel (AR)
Package caption3 Info: TeX engine: e-TeX on input line 67.

(C:\Users\cghisi\Downloads\texmfs\install\tex\latex\graphics\keyval.sty
Package: keyval 2014/10/28 v1.15 key=value parser (DPC)
\KV@toks@=\toks17
)
\captionmargin=\dimen104
\captionmargin@=\dimen105
\captionwidth=\dimen106
\caption@tempdima=\dimen107
\caption@indent=\dimen108
\caption@parindent=\dimen109
\caption@hangindent=\dimen110
)
\c@ContinuedFloat=\count90
)
(C:\Users\cghisi\Downloads\texmfs\install\tex\latex\caption\subcaption.sty
Package: subcaption 2016/05/22 v1.1-161 Sub-captions (AR)
\c@subfigure=\count91
\c@subtable=\count92
)
(C:\Users\cghisi\Downloads\texmfs\install\tex\latex\appendix\appendix.sty
Package: appendix 2009/09/02 v1.2b extra appendix facilities
\c@@pps=\count93
\c@@ppsavesec=\count94
\c@@ppsaveapp=\count95
)
(C:\Users\cghisi\Downloads\texmfs\install\tex\latex\fancyhdr\fancyhdr.sty
Package: fancyhdr 2017/06/30 v3.9a Extensive control of page headers and footer
s
\f@nch@headwidth=\skip43
\f@nch@O@elh=\skip44
\f@nch@O@erh=\skip45
\f@nch@O@olh=\skip46
\f@nch@O@orh=\skip47
\f@nch@O@elf=\skip48
\f@nch@O@erf=\skip49
\f@nch@O@olf=\skip50
\f@nch@O@orf=\skip51
)
(C:\Users\cghisi\Downloads\texmfs\install\tex\latex\amscls\amsthm.sty
Package: amsthm 2015/03/04 v2.20.2
\thm@style=\toks18
\thm@bodyfont=\toks19
\thm@headfont=\toks20
\thm@notefont=\toks21
\thm@headpunct=\toks22
\thm@preskip=\skip52
\thm@postskip=\skip53
\thm@headsep=\skip54
\dth@everypar=\toks23
)
\c@exmp=\count96

(C:\Users\cghisi\Downloads\texmfs\install\tex\latex\graphics\graphicx.sty
Package: graphicx 2014/10/28 v1.0g Enhanced LaTeX Graphics (DPC,SPQR)

(C:\Users\cghisi\Downloads\texmfs\install\tex\latex\graphics\graphics.sty
Package: graphics 2017/04/14 v1.1b Standard LaTeX Graphics (DPC,SPQR)

(C:\Users\cghisi\Downloads\texmfs\install\tex\latex\graphics\trig.sty
Package: trig 2016/01/03 v1.10 sin cos tan (DPC)
)
(C:\Users\cghisi\Downloads\texmfs\install\tex\latex\graphics-cfg\graphics.cfg
File: graphics.cfg 2016/06/04 v1.11 sample graphics configuration
)
Package graphics Info: Driver file: pdftex.def on input line 99.

(C:\Users\cghisi\Downloads\texmfs\install\tex\latex\graphics-def\pdftex.def
File: pdftex.def 2017/01/12 v0.06k Graphics/color for pdfTeX

(C:\Users\cghisi\Downloads\texmfs\install\tex\generic\oberdiek\infwarerr.sty
Package: infwarerr 2016/05/16 v1.4 Providing info/warning/error messages (HO)
)
(C:\Users\cghisi\Downloads\texmfs\install\tex\generic\oberdiek\ltxcmds.sty
Package: ltxcmds 2016/05/16 v1.23 LaTeX kernel commands for general use (HO)
)
\Gread@gobject=\count97
))
\Gin@req@height=\dimen111
\Gin@req@width=\dimen112
)
No file main.aux.
\openout1 = `main.aux'.

LaTeX Font Info:    Checking defaults for OML/cmm/m/it on input line 87.
LaTeX Font Info:    ... okay on input line 87.
LaTeX Font Info:    Checking defaults for T1/cmr/m/n on input line 87.
LaTeX Font Info:    ... okay on input line 87.
LaTeX Font Info:    Checking defaults for OT1/cmr/m/n on input line 87.
LaTeX Font Info:    ... okay on input line 87.
LaTeX Font Info:    Checking defaults for OMS/cmsy/m/n on input line 87.
LaTeX Font Info:    ... okay on input line 87.
LaTeX Font Info:    Checking defaults for OMX/cmex/m/n on input line 87.
LaTeX Font Info:    ... okay on input line 87.
LaTeX Font Info:    Checking defaults for U/cmr/m/n on input line 87.
LaTeX Font Info:    ... okay on input line 87.
LaTeX Info: Redefining \. on input line 87.
LaTeX Info: Redefining \% on input line 87.
Package caption Info: Begin \AtBeginDocument code.
Package caption Info: End \AtBeginDocument code.
(C:\Users\cghisi\Downloads\texmfs\install\tex\context\base\supp-pdf.mkii
[Loading MPS to PDF converter (version 2006.09.02).]
\scratchcounter=\count98
\scratchdimen=\dimen113
\scratchbox=\box26
\nofMPsegments=\count99
\nofMParguments=\count100
\everyMPshowfont=\toks24
\MPscratchCnt=\count101
\MPscratchDim=\dimen114
\MPnumerator=\count102
\makeMPintoPDFobject=\count103
\everyMPtoPDFconversion=\toks25
) (C:\Users\cghisi\Downloads\texmfs\install\tex\generic\oberdiek\pdftexcmds.sty
Package: pdftexcmds 2017/03/19 v0.25 Utility functions of pdfTeX for LuaTeX (HO
)
(C:\Users\cghisi\Downloads\texmfs\install\tex\generic\oberdiek\ifluatex.sty
Package: ifluatex 2016/05/16 v1.4 Provides the ifluatex switch (HO)
Package ifluatex Info: LuaTeX not detected.
)
(C:\Users\cghisi\Downloads\texmfs\install\tex\generic\oberdiek\ifpdf.sty
Package: ifpdf 2017/03/15 v3.2 Provides the ifpdf switch
)
Package pdftexcmds Info: LuaTeX not detected.
Package pdftexcmds Info: \pdf@primitive is available.
Package pdftexcmds Info: \pdf@ifprimitive is available.
Package pdftexcmds Info: \pdfdraftmode found.
)
(C:\Users\cghisi\Downloads\texmfs\install\tex\latex\oberdiek\epstopdf-base.sty
Package: epstopdf-base 2016/05/15 v2.6 Base part for package epstopdf

(C:\Users\cghisi\Downloads\texmfs\install\tex\latex\oberdiek\grfext.sty
Package: grfext 2016/05/16 v1.2 Manage graphics extensions (HO)

(C:\Users\cghisi\Downloads\texmfs\install\tex\generic\oberdiek\kvdefinekeys.sty
Package: kvdefinekeys 2016/05/16 v1.4 Define keys (HO)
)) (C:\Users\cghisi\Downloads\texmfs\install\tex\latex\oberdiek\kvoptions.sty
Package: kvoptions 2016/05/16 v3.12 Key value format for package options (HO)

(C:\Users\cghisi\Downloads\texmfs\install\tex\generic\oberdiek\kvsetkeys.sty
Package: kvsetkeys 2016/05/16 v1.17 Key value parser (HO)

(C:\Users\cghisi\Downloads\texmfs\install\tex\generic\oberdiek\etexcmds.sty
Package: etexcmds 2016/05/16 v1.6 Avoid name clashes with e-TeX commands (HO)
Package etexcmds Info: Could not find \expanded.
(etexcmds)             That can mean that you are not using pdfTeX 1.50 or
(etexcmds)             that some package has redefined \expanded.
(etexcmds)             In the latter case, load this package earlier.
)))
Package epstopdf-base Info: Redefining graphics rule for `.eps' on input line 4
38.
Package grfext Info: Graphics extension search list:
(grfext)             [.png,.pdf,.jpg,.mps,.jpeg,.jbig2,.jb2,.PNG,.PDF,.JPG,.JPE
G,.JBIG2,.JB2,.eps]
(grfext)             \AppendGraphicsExtensions on input line 456.
)
LaTeX Font Info:    External font `cmex10' loaded for size
(Font)              <12> on input line 88.
LaTeX Font Info:    External font `cmex10' loaded for size
(Font)              <8> on input line 88.
LaTeX Font Info:    External font `cmex10' loaded for size
(Font)              <6> on input line 88.
[1


{C:/Users/cghisi/Downloads/texmfs/data/pdftex/config/pdftex.map}] [2

]
[1

]
Overfull \hbox (1.27948pt too wide) in paragraph at lines 145--146
\OT1/cmr/m/n/10 mas sim-ple o com-ple-jo que sea, re-sul-ta nece-sario con-str
u-ir un mod-e-lo matematico
 []

LaTeX Info: Redefining \. on input line 146.
LaTeX Info: Redefining \% on input line 146.
[2]
LaTeX Font Info:    External font `cmex10' loaded for size
(Font)              <7> on input line 160.
LaTeX Font Info:    External font `cmex10' loaded for size
(Font)              <5> on input line 160.
 [3]
LaTeX Info: Redefining \. on input line 178.
LaTeX Info: Redefining \% on input line 178.
 [4] [5]
LaTeX Info: Redefining \. on input line 215.
LaTeX Info: Redefining \% on input line 215.
 [6]
No file main.toc.
\tf@toc=\write3
\openout3 = `main.toc'.

[7

]
LaTeX Info: Redefining \. on input line 216.
LaTeX Info: Redefining \% on input line 216.
 [8

] [9]
LaTeX Info: Redefining \. on input line 223.
LaTeX Info: Redefining \% on input line 223.
 [10

] [1

] [2]
Cap\'{\i }tulo 1.

LaTeX Warning: Reference `fig:1.1' on page 3 undefined on input line 227.

<figura0101.pdf, id=53, 124.79222pt x 123.86075pt>
File: figura0101.pdf Graphic file (type pdf)
 <use figura0101.pdf>
Package pdftex.def Info: figura0101.pdf used on input line 230.
(pdftex.def)             Requested size: 124.7919pt x 123.86044pt.


LaTeX Warning: Reference `fig:1.2' on page 3 undefined on input line 237.

[3

 <./figura0101.pdf>]

pdfTeX warning: miktex-pdftex.exe (file ./figura0102.pdf): PDF inclusion: found
 PDF version <1.6>, but at most version <1.5> allowed
<figura0102.pdf, id=66, 174.10846pt x 127.80347pt>
File: figura0102.pdf Graphic file (type pdf)
 <use figura0102.pdf>
Package pdftex.def Info: figura0102.pdf used on input line 243.
(pdftex.def)             Requested size: 174.10802pt x 127.80315pt.


LaTeX Warning: Reference `eq:1.1' on page 4 undefined on input line 253.

LaTeX Info: Redefining \. on input line 262.
LaTeX Info: Redefining \% on input line 262.
[4 <./figura0102.pdf>]

LaTeX Warning: Reference `fig:1.2' on page 5 undefined on input line 263.


LaTeX Warning: Reference `eq:1.1' on page 5 undefined on input line 273.

<figura0103.pdf, id=83, 147.35452pt x 100.7243pt>
File: figura0103.pdf Graphic file (type pdf)
 <use figura0103.pdf>
Package pdftex.def Info: figura0103.pdf used on input line 277.
(pdftex.def)             Requested size: 147.35416pt x 100.72404pt.


LaTeX Warning: Reference `fig:1.3' on page 5 undefined on input line 282.


LaTeX Warning: Reference `fig:1.2' on page 5 undefined on input line 286.


LaTeX Warning: Reference `eq:1.1' on page 5 undefined on input line 286.


LaTeX Warning: Reference `fig:1.2' on page 5 undefined on input line 286.

[5 <./figura0103.pdf>]

pdfTeX warning: miktex-pdftex.exe (file ./figura0104.pdf): PDF inclusion: found
 PDF version <1.6>, but at most version <1.5> allowed
<figura0104.pdf, id=95, 155.95163pt x 109.86446pt>
File: figura0104.pdf Graphic file (type pdf)
 <use figura0104.pdf>
Package pdftex.def Info: figura0104.pdf used on input line 290.
(pdftex.def)             Requested size: 155.95123pt x 109.86418pt.


LaTeX Warning: Reference `eq:1.1' on page 6 undefined on input line 295.


LaTeX Warning: Reference `fig:1.4' on page 6 undefined on input line 295.


LaTeX Warning: Reference `eq:1.2' on page 6 undefined on input line 297.


LaTeX Warning: Reference `fig:1.5' on page 6 undefined on input line 297.



pdfTeX warning: miktex-pdftex.exe (file ./figura0105.pdf): PDF inclusion: found
 PDF version <1.6>, but at most version <1.5> allowed
<figura0105.pdf, id=96, 196.96585pt x 123.85974pt>
File: figura0105.pdf Graphic file (type pdf)
 <use figura0105.pdf>
Package pdftex.def Info: figura0105.pdf used on input line 301.
(pdftex.def)             Requested size: 196.96536pt x 123.85942pt.


LaTeX Warning: Reference `eq:1.2' on page 6 undefined on input line 306.

<figura0106.pdf, id=97, 200.68977pt x 108.96007pt>
File: figura0106.pdf Graphic file (type pdf)
 <use figura0106.pdf>
Package pdftex.def Info: figura0106.pdf used on input line 316.
(pdftex.def)             Requested size: 200.68929pt x 108.95978pt.


LaTeX Warning: Reference `eq:1.1' on page 6 undefined on input line 321.


LaTeX Warning: Reference `fig:1.7' on page 6 undefined on input line 321.


Overfull \hbox (0.94359pt too wide) in paragraph at lines 321--322
[]\OT1/cmr/bx/n/10 El pun-to de tra-ba-jo en con-tin-ua (o estatico) ``Q'' \OT
1/cmr/m/n/10 po-dra ten-er cualquier
 []

LaTeX Info: Redefining \. on input line 322.
LaTeX Info: Redefining \% on input line 322.
[6 <./figura0104.pdf>] [7 <./figura0105.pdf> <./figura0106.pdf>]

pdfTeX warning: miktex-pdftex.exe (file ./figura0107.pdf): PDF inclusion: found
 PDF version <1.6>, but at most version <1.5> allowed
<figura0107.pdf, id=129, 201.15552pt x 111.28777pt>
File: figura0107.pdf Graphic file (type pdf)
 <use figura0107.pdf>
Package pdftex.def Info: figura0107.pdf used on input line 327.
(pdftex.def)             Requested size: 201.15501pt x 111.28748pt.


LaTeX Warning: Reference `fig:1.7' on page 8 undefined on input line 332.



pdfTeX warning: miktex-pdftex.exe (file ./figura0108.pdf): PDF inclusion: found
 PDF version <1.6>, but at most version <1.5> allowed
<figura0108.pdf, id=130, 223.32434pt x 28.32181pt>
File: figura0108.pdf Graphic file (type pdf)
 <use figura0108.pdf>
Package pdftex.def Info: figura0108.pdf used on input line 336.
(pdftex.def)             Requested size: 223.32379pt x 28.32173pt.
LaTeX Info: Redefining \. on input line 339.
LaTeX Info: Redefining \% on input line 339.

[8 <./figura0107.pdf> <./figura0108.pdf>]
Cap\'{\i }tulo 2.

LaTeX Warning: Reference `fig:2.1' on page 9 undefined on input line 349.



pdfTeX warning: miktex-pdftex.exe (file ./figura0201.pdf): PDF inclusion: found
 PDF version <1.6>, but at most version <1.5> allowed
<figura0201.pdf, id=153, 845.04655pt x 247.76564pt>
File: figura0201.pdf Graphic file (type pdf)
 <use figura0201.pdf>
Package pdftex.def Info: figura0201.pdf used on input line 353.
(pdftex.def)             Requested size: 345.0pt x 101.15358pt.

[9

]
LaTeX Info: Redefining \. on input line 377.
LaTeX Info: Redefining \% on input line 377.
 [10 <./figura0201.pdf, page is rotated 90 degrees>]
Cap\'{\i }tulo 3.
[11

]
LaTeX Info: Redefining \. on input line 379.
LaTeX Info: Redefining \% on input line 379.
 [12

]
Cap\'{\i }tulo 4.
[13]
LaTeX Info: Redefining \. on input line 381.
LaTeX Info: Redefining \% on input line 381.


Package Fancyhdr Warning: \headheight is too small (15.0pt): 
 Make it at least 22.54448pt.
 We now make it that large for the rest of the document.
 This may cause the page layout to be inconsistent, however.

[14

]
Cap\'{\i }tulo 5.
[15]
LaTeX Info: Redefining \. on input line 383.
LaTeX Info: Redefining \% on input line 383.
 [16

]
Cap\'{\i }tulo 6.
[17]
LaTeX Info: Redefining \. on input line 385.
LaTeX Info: Redefining \% on input line 385.
 [18

]
Cap\'{\i }tulo 7.
[19]
LaTeX Info: Redefining \. on input line 387.
LaTeX Info: Redefining \% on input line 387.
 [20

]
Cap\'{\i }tulo 8.
[21]
LaTeX Info: Redefining \. on input line 389.
LaTeX Info: Redefining \% on input line 389.
 [22

] [23] [24]
Cap\'{\i }tulo 9.
[25

]
LaTeX Info: Redefining \. on input line 393.
LaTeX Info: Redefining \% on input line 393.
 [26

]
Cap\'{\i }tulo 10.
[27]
LaTeX Info: Redefining \. on input line 395.
LaTeX Info: Redefining \% on input line 395.
 [28

]
Cap\'{\i }tulo 11.
[29]
LaTeX Info: Redefining \. on input line 397.
LaTeX Info: Redefining \% on input line 397.
 [30

]
Cap\'{\i }tulo 12.
[31]
LaTeX Info: Redefining \. on input line 399.
LaTeX Info: Redefining \% on input line 399.
 [32

]
Cap\'{\i }tulo 13.
[33]
LaTeX Info: Redefining \. on input line 401.
LaTeX Info: Redefining \% on input line 401.
 [34

]
Cap\'{\i }tulo 14.
[35]
LaTeX Info: Redefining \. on input line 403.
LaTeX Info: Redefining \% on input line 403.
 [36

]
Cap\'{\i }tulo 15.
[37]
LaTeX Info: Redefining \. on input line 405.
LaTeX Info: Redefining \% on input line 405.
 [38

]
Cap\'{\i }tulo 16.
[39]
LaTeX Info: Redefining \. on input line 407.
LaTeX Info: Redefining \% on input line 407.
 [40

]
Cap\'{\i }tulo 17.
[41]
LaTeX Info: Redefining \. on input line 409.
LaTeX Info: Redefining \% on input line 409.
 [42

]
Cap\'{\i }tulo 18.
[43]
LaTeX Info: Redefining \. on input line 411.
LaTeX Info: Redefining \% on input line 411.
 [44

]
Cap\'{\i }tulo 19.
[45]
LaTeX Info: Redefining \. on input line 413.
LaTeX Info: Redefining \% on input line 413.
 [46

] [47] [48]
Cap\'{\i }tulo 20.
[49

]
LaTeX Info: Redefining \. on input line 417.
LaTeX Info: Redefining \% on input line 417.
 [50

]
Cap\'{\i }tulo 21.
[51]
LaTeX Info: Redefining \. on input line 419.
LaTeX Info: Redefining \% on input line 419.
 [52

]
Cap\'{\i }tulo 22.
[53]
LaTeX Info: Redefining \. on input line 421.
LaTeX Info: Redefining \% on input line 421.
 [54

]
Cap\'{\i }tulo 23.
[55]
LaTeX Info: Redefining \. on input line 423.
LaTeX Info: Redefining \% on input line 423.
 [56

]
Cap\'{\i }tulo 24.
[57]
LaTeX Info: Redefining \. on input line 425.
LaTeX Info: Redefining \% on input line 425.
 [58

]
Cap\'{\i }tulo 25.
[59]
LaTeX Info: Redefining \. on input line 427.
LaTeX Info: Redefining \% on input line 427.
 [60

] [61] [62] [63


] [64]
Ap\'{e}ndice A.
[65

]
LaTeX Info: Redefining \. on input line 460.
LaTeX Info: Redefining \% on input line 460.
 [66]
LaTeX Info: Redefining \. on input line 482.
LaTeX Info: Redefining \% on input line 482.
 [67]

pdfTeX warning: miktex-pdftex.exe (file ./figuraa01.pdf): PDF inclusion: found 
PDF version <1.6>, but at most version <1.5> allowed
<figuraa01.pdf, id=352, 217.7194pt x 128.48302pt>
File: figuraa01.pdf Graphic file (type pdf)
 <use figuraa01.pdf>
Package pdftex.def Info: figuraa01.pdf used on input line 509.
(pdftex.def)             Requested size: 345.0pt x 203.59492pt.
LaTeX Info: Redefining \. on input line 513.
LaTeX Info: Redefining \% on input line 513.
 [68]
LaTeX Info: Redefining \. on input line 523.
LaTeX Info: Redefining \% on input line 523.

[69 <./figuraa01.pdf, page is rotated 90 degrees>]

pdfTeX warning: miktex-pdftex.exe (file ./figuraa02.pdf): PDF inclusion: found 
PDF version <1.6>, but at most version <1.5> allowed
<figuraa02.pdf, id=366, 244.50546pt x 185.29828pt>
File: figuraa02.pdf Graphic file (type pdf)
 <use figuraa02.pdf>
Package pdftex.def Info: figuraa02.pdf used on input line 544.
(pdftex.def)             Requested size: 244.50487pt x 185.2978pt.


LaTeX Warning: Reference `fig:a.2' on page 70 undefined on input line 551.

LaTeX Info: Redefining \. on input line 556.
LaTeX Info: Redefining \% on input line 556.
[70]
LaTeX Info: Redefining \. on input line 565.
LaTeX Info: Redefining \% on input line 565.
 [71 <./figuraa02.pdf>]
LaTeX Info: Redefining \. on input line 565.
LaTeX Info: Redefining \% on input line 565.
 [72

]
Ap\'{e}ndice B.
[73]
LaTeX Info: Redefining \. on input line 566.
LaTeX Info: Redefining \% on input line 566.
 [74

]
Ap\'{e}ndice C.

LaTeX Warning: Reference `fig:c.1' on page 75 undefined on input line 570.



pdfTeX warning: miktex-pdftex.exe (file ./figurac01.pdf): PDF inclusion: found 
PDF version <1.6>, but at most version <1.5> allowed
<figurac01.pdf, id=393, 155.02316pt x 131.02551pt>
File: figurac01.pdf Graphic file (type pdf)
 <use figurac01.pdf>
Package pdftex.def Info: figurac01.pdf used on input line 576.
(pdftex.def)             Requested size: 155.02278pt x 131.02518pt.


pdfTeX warning: miktex-pdftex.exe (file ./figurac02.pdf): PDF inclusion: found 
PDF version <1.6>, but at most version <1.5> allowed
<figurac02.pdf, id=394, 165.687pt x 127.98013pt>
File: figurac02.pdf Graphic file (type pdf)
 <use figurac02.pdf>
Package pdftex.def Info: figurac02.pdf used on input line 582.
(pdftex.def)             Requested size: 165.68658pt x 127.9798pt.
 [75 <./figurac01.pdf> <./figurac02.pdf>]

LaTeX Warning: Reference `fig:c.2' on page 76 undefined on input line 590.


LaTeX Warning: Reference `fig:c.3' on page 76 undefined on input line 593.

<figurac03.pdf, id=412, 195.16515pt x 112.77132pt>
File: figurac03.pdf Graphic file (type pdf)
 <use figurac03.pdf>
Package pdftex.def Info: figurac03.pdf used on input line 597.
(pdftex.def)             Requested size: 195.16466pt x 112.77104pt.


LaTeX Warning: Reference `fig:c.4' on page 76 undefined on input line 605.

<figurac04.pdf, id=413, 187.9301pt x 145.99644pt>
File: figurac04.pdf Graphic file (type pdf)
 <use figurac04.pdf>
Package pdftex.def Info: figurac04.pdf used on input line 609.
(pdftex.def)             Requested size: 187.92964pt x 145.99606pt.
LaTeX Info: Redefining \. on input line 615.
LaTeX Info: Redefining \% on input line 615.
 [76 <./figurac03.pdf> <./figurac04.pdf>]

LaTeX Warning: Reference `fig:c.5' on page 77 undefined on input line 621.

<figurac05.pdf, id=431, 162.79822pt x 135.72908pt>
File: figurac05.pdf Graphic file (type pdf)
 <use figurac05.pdf>
Package pdftex.def Info: figurac05.pdf used on input line 627.
(pdftex.def)             Requested size: 162.7978pt x 135.72874pt.

<figurac06.pdf, id=432, 145.2607pt x 138.39705pt>
File: figurac06.pdf Graphic file (type pdf)
 <use figurac06.pdf>
Package pdftex.def Info: figurac06.pdf used on input line 633.
(pdftex.def)             Requested size: 145.26033pt x 138.3967pt.


LaTeX Warning: Reference `fig:c.6' on page 77 undefined on input line 648.

! Undefined control sequence.
l.654 ...iada, y se puede simplificar a $I_D=I_S\e
                                                  ^{V_D/V_T}$ para $V_D>4